[debug] [2026-03-07T08:17:06.182Z] ----------------------------------------------------------------------
[debug] [2026-03-07T08:17:06.196Z] Command:       /usr/local/bin/node /Users/sulaymaanabubakr/.npm-global/bin/firebase emulators:start --only functions
[debug] [2026-03-07T08:17:06.202Z] CLI Version:   15.8.0
[debug] [2026-03-07T08:17:06.202Z] Platform:      darwin
[debug] [2026-03-07T08:17:06.203Z] Node Version:  v24.12.0
[debug] [2026-03-07T08:17:06.203Z] Time:          Sat Mar 07 2026 09:17:06 GMT+0100 (West Africa Standard Time)
[debug] [2026-03-07T08:17:06.203Z] ----------------------------------------------------------------------
[debug] 
[debug] [2026-03-07T08:17:14.871Z] > command requires scopes: ["email","openid","https://www.googleapis.com/auth/cloudplatformprojects.readonly","https://www.googleapis.com/auth/firebase","https://www.googleapis.com/auth/cloud-platform"]
[debug] [2026-03-07T08:17:14.876Z] > authorizing via signed-in user (abubakrysulaimaan24434@gmail.com)
[info] i  emulators: Starting emulators: functions {"metadata":{"emulator":{"name":"hub"},"message":"Starting emulators: functions"}}
[debug] [2026-03-07T08:17:15.251Z] [logging] Logging Emulator only supports listening on one address (127.0.0.1). Not listening on ::1
[debug] [2026-03-07T08:17:15.251Z] assigned listening specs for emulators {"user":{"hub":[{"address":"127.0.0.1","family":"IPv4","port":4400},{"address":"::1","family":"IPv6","port":4400}],"ui":[{"address":"127.0.0.1","family":"IPv4","port":4000},{"address":"::1","family":"IPv6","port":4000}],"logging":[{"address":"127.0.0.1","family":"IPv4","port":4500}]},"metadata":{"message":"assigned listening specs for emulators"}}
[debug] [2026-03-07T08:17:15.258Z] Write emulator hub locator at /var/folders/7z/7f7rgmc55kn06p_pz3sy5p_80000gn/T/hub-madonna-shopping-arena.json
[debug] [2026-03-07T08:17:15.658Z] [functions] Functions Emulator only supports listening on one address (127.0.0.1). Not listening on ::1
[debug] [2026-03-07T08:17:15.658Z] [eventarc] Eventarc Emulator only supports listening on one address (127.0.0.1). Not listening on ::1
[debug] [2026-03-07T08:17:15.658Z] [tasks] Cloud Tasks Emulator only supports listening on one address (127.0.0.1). Not listening on ::1
[debug] [2026-03-07T08:17:15.658Z] late-assigned ports for functions and eventarc emulators {"user":{"hub":[{"address":"127.0.0.1","family":"IPv4","port":4400},{"address":"::1","family":"IPv6","port":4400}],"ui":[{"address":"127.0.0.1","family":"IPv4","port":4000},{"address":"::1","family":"IPv6","port":4000}],"logging":[{"address":"127.0.0.1","family":"IPv4","port":4500}],"functions":[{"address":"127.0.0.1","family":"IPv4","port":5001}],"eventarc":[{"address":"127.0.0.1","family":"IPv4","port":9299}],"tasks":[{"address":"127.0.0.1","family":"IPv4","port":9499}]},"metadata":{"message":"late-assigned ports for functions and eventarc emulators"}}
[warn] ⚠  functions: The following emulators are not running, calls to these services from the Functions emulator will affect production: apphosting, auth, firestore, database, hosting, pubsub, storage, dataconnect {"metadata":{"emulator":{"name":"functions"},"message":"The following emulators are not running, calls to these services from the Functions emulator will affect production: \u001b[1mapphosting, auth, firestore, database, hosting, pubsub, storage, dataconnect\u001b[22m"}}
[warn] ⚠  functions: Application Default Credentials detected. Non-emulated services will access production using these credentials. Be careful! {"metadata":{"emulator":{"name":"functions"},"message":"Application Default Credentials detected. Non-emulated services will access production using these credentials. Be careful!"}}
[debug] [2026-03-07T08:17:22.996Z] Checked if tokens are valid: true, expires at: 1772874422972
[debug] [2026-03-07T08:17:22.996Z] Checked if tokens are valid: true, expires at: 1772874422972
[debug] [2026-03-07T08:17:22.997Z] >>> [apiv2][query] GET https://firebase.googleapis.com/v1beta1/projects/madonna-shopping-arena/adminSdkConfig [none]
[debug] [2026-03-07T08:17:23.627Z] <<< [apiv2][status] GET https://firebase.googleapis.com/v1beta1/projects/madonna-shopping-arena/adminSdkConfig 200
[debug] [2026-03-07T08:17:23.628Z] <<< [apiv2][body] GET https://firebase.googleapis.com/v1beta1/projects/madonna-shopping-arena/adminSdkConfig {"projectId":"madonna-shopping-arena","storageBucket":"madonna-shopping-arena.firebasestorage.app"}
[info] i  functions: Watching "/Users/sulaymaanabubakr/Desktop/Madonna/functions" for Cloud Functions... {"metadata":{"emulator":{"name":"functions"},"message":"Watching \"/Users/sulaymaanabubakr/Desktop/Madonna/functions\" for Cloud Functions..."}}
[debug] [2026-03-07T08:17:23.723Z] Validating nodejs source
[debug] [2026-03-07T08:17:28.989Z] > [functions] package.json contents: {
  "name": "functions",
  "scripts": {
    "lint": "eslint --ext .js,.ts .",
    "build": "npx esbuild src/index.ts --bundle --platform=node --target=node20 --outfile=lib/index.js --external:firebase-admin --external:firebase-functions --external:express --external:cors --external:cloudinary --external:dotenv --format=cjs",
    "build:watch": "npx esbuild src/index.ts --bundle --platform=node --target=node20 --outfile=lib/index.js --external:firebase-admin --external:firebase-functions --external:express --external:cors --external:cloudinary --external:dotenv --format=cjs --watch",
    "serve": "npm run build && firebase emulators:start --only functions",
    "shell": "npm run build && firebase functions:shell",
    "start": "npm run shell",
    "deploy": "firebase deploy --only functions",
    "logs": "firebase functions:log"
  },
  "engines": {
    "node": "24"
  },
  "main": "lib/index.js",
  "dependencies": {
    "cloudinary": "^2.9.0",
    "cors": "^2.8.6",
    "dotenv": "^17.3.1",
    "express": "^4.22.1",
    "firebase-admin": "^13.7.0",
    "firebase-functions": "^7.1.0",
    "zod": "^4.3.6"
  },
  "devDependencies": {
    "@types/cors": "^2.8.19",
    "@types/express": "^5.0.6",
    "@typescript-eslint/eslint-plugin": "^5.12.0",
    "@typescript-eslint/parser": "^5.12.0",
    "esbuild": "^0.27.3",
    "eslint": "^8.9.0",
    "eslint-config-google": "^0.14.0",
    "eslint-plugin-import": "^2.25.4",
    "firebase-functions-test": "^3.4.1",
    "tsx": "^4.21.0",
    "typescript": "^5.7.3"
  },
  "private": true
}
[debug] [2026-03-07T08:17:28.990Z] Building nodejs source
[debug] [2026-03-07T08:17:28.990Z] Failed to find version of module node: reached end of search path /Users/sulaymaanabubakr/Desktop/Madonna/functions/node_modules
[info] ✔  functions: Using node@24 from host. 
[debug] [2026-03-07T08:17:28.994Z] Could not find functions.yaml. Must use http discovery
[debug] [2026-03-07T08:17:29.004Z] Found firebase-functions binary at '/Users/sulaymaanabubakr/Desktop/Madonna/functions/node_modules/.bin/firebase-functions'
[info] Serving at port 8644

[info] [dotenv@17.3.1] injecting env (19) from ../.env -- tip: ⚙️  write to custom object with { processEnv: myObject }

[debug] [2026-03-07T08:17:33.087Z] Got response from /__/functions.yaml {"endpoints":{"api":{"availableMemoryMb":null,"timeoutSeconds":null,"minInstances":null,"maxInstances":null,"ingressSettings":null,"concurrency":null,"serviceAccountEmail":null,"vpc":null,"platform":"gcfv2","region":["europe-west1"],"secretEnvironmentVariables":[{"key":"PAYSTACK_SECRET_KEY"},{"key":"PAYSTACK_PUBLIC_KEY"},{"key":"CLOUDINARY_CLOUD_NAME"},{"key":"CLOUDINARY_API_KEY"},{"key":"CLOUDINARY_API_SECRET"},{"key":"BREVO_API_KEY"},{"key":"EMAIL_FROM"},{"key":"APP_URL"},{"key":"CORS_ORIGINS"}],"labels":{},"httpsTrigger":{},"entryPoint":"api"}},"specVersion":"v1alpha1","requiredAPIs":[],"extensions":{}}
[info] ✔  functions: Loaded functions definitions from source: api. {"metadata":{"emulator":{"name":"functions"},"message":"Loaded functions definitions from source: api."}}
[info] ✔  functions[europe-west1-api]: http function initialized (http://127.0.0.1:5001/madonna-shopping-arena/europe-west1/api). {"metadata":{"emulator":{"name":"functions"},"message":"\u001b[1mhttp\u001b[22m function initialized (http://127.0.0.1:5001/madonna-shopping-arena/europe-west1/api)."}}
[debug] [2026-03-07T08:17:37.163Z] Could not find VSCode notification endpoint: FetchError: request to http://localhost:40001/vscode/notify failed, reason: . If you are not running the Firebase Data Connect VSCode extension, this is expected and not an issue.
[info] 
┌─────────────────────────────────────────────────────────────┐
│ ✔  All emulators ready! It is now safe to connect your app. │
│ i  View Emulator UI at http://127.0.0.1:4000/               │
└─────────────────────────────────────────────────────────────┘

┌───────────┬────────────────┬─────────────────────────────────┐
│ Emulator  │ Host:Port      │ View in Emulator UI             │
├───────────┼────────────────┼─────────────────────────────────┤
│ Functions │ 127.0.0.1:5001 │ http://127.0.0.1:4000/functions │
└───────────┴────────────────┴─────────────────────────────────┘
  Emulator Hub host: 127.0.0.1 port: 4400
  Other reserved ports: 4500

Issues? Report them at https://github.com/firebase/firebase-tools/issues and attach the *-debug.log files.
 
[debug] [2026-03-20T18:10:36.609Z] ----------------------------------------------------------------------
[debug] [2026-03-20T18:10:36.614Z] Command:       /usr/local/bin/node /Users/sulaymaanabubakr/.npm-global/bin/firebase emulators:start --only functions
[debug] [2026-03-20T18:10:36.614Z] CLI Version:   15.9.0
[debug] [2026-03-20T18:10:36.614Z] Platform:      darwin
[debug] [2026-03-20T18:10:36.614Z] Node Version:  v24.12.0
[debug] [2026-03-20T18:10:36.615Z] Time:          Fri Mar 20 2026 19:10:36 GMT+0100 (West Africa Standard Time)
[debug] [2026-03-20T18:10:36.615Z] ----------------------------------------------------------------------
[debug] 
[debug] [2026-03-20T18:10:36.618Z] >>> [apiv2][query] GET https://firebase-public.firebaseio.com/cli.json [none]
[debug] [2026-03-20T18:10:43.874Z] > command requires scopes: ["email","openid","https://www.googleapis.com/auth/cloudplatformprojects.readonly","https://www.googleapis.com/auth/firebase","https://www.googleapis.com/auth/cloud-platform"]
[debug] [2026-03-20T18:10:43.874Z] > authorizing via signed-in user (abubakrysulaimaan24434@gmail.com)
[info] i  emulators: Starting emulators: functions {"metadata":{"emulator":{"name":"hub"},"message":"Starting emulators: functions"}}
[info] i  emulators: Detected demo project ID "demo-no-project", emulated services will use a demo configuration and attempts to access non-emulated services for this project will fail. {"metadata":{"emulator":{"name":"hub"},"message":"Detected demo project ID \"demo-no-project\", emulated services will use a demo configuration and attempts to access non-emulated services for this project will fail."}}
[debug] [2026-03-20T18:10:44.270Z] [logging] Logging Emulator only supports listening on one address (127.0.0.1). Not listening on ::1
[debug] [2026-03-20T18:10:44.270Z] assigned listening specs for emulators {"user":{"hub":[{"address":"127.0.0.1","family":"IPv4","port":4400},{"address":"::1","family":"IPv6","port":4400}],"ui":[{"address":"127.0.0.1","family":"IPv4","port":4000},{"address":"::1","family":"IPv6","port":4000}],"logging":[{"address":"127.0.0.1","family":"IPv4","port":4500}]},"metadata":{"message":"assigned listening specs for emulators"}}
[debug] [2026-03-20T18:10:44.277Z] Write emulator hub locator at /var/folders/7z/7f7rgmc55kn06p_pz3sy5p_80000gn/T/hub-demo-no-project.json
[debug] [2026-03-20T18:10:44.707Z] [functions] Functions Emulator only supports listening on one address (127.0.0.1). Not listening on ::1
[debug] [2026-03-20T18:10:44.707Z] [eventarc] Eventarc Emulator only supports listening on one address (127.0.0.1). Not listening on ::1
[debug] [2026-03-20T18:10:44.707Z] [tasks] Cloud Tasks Emulator only supports listening on one address (127.0.0.1). Not listening on ::1
[debug] [2026-03-20T18:10:44.707Z] late-assigned ports for functions and eventarc emulators {"user":{"hub":[{"address":"127.0.0.1","family":"IPv4","port":4400},{"address":"::1","family":"IPv6","port":4400}],"ui":[{"address":"127.0.0.1","family":"IPv4","port":4000},{"address":"::1","family":"IPv6","port":4000}],"logging":[{"address":"127.0.0.1","family":"IPv4","port":4500}],"functions":[{"address":"127.0.0.1","family":"IPv4","port":5001}],"eventarc":[{"address":"127.0.0.1","family":"IPv4","port":9299}],"tasks":[{"address":"127.0.0.1","family":"IPv4","port":9499}]},"metadata":{"message":"late-assigned ports for functions and eventarc emulators"}}
[debug] [2026-03-20T18:10:45.355Z] <<< [apiv2][status] GET https://firebase-public.firebaseio.com/cli.json 200
[debug] [2026-03-20T18:10:45.356Z] <<< [apiv2][body] GET https://firebase-public.firebaseio.com/cli.json {"cloudBuildErrorAfter":1594252800000,"cloudBuildWarnAfter":1590019200000,"defaultNode10After":1594252800000,"minVersion":"3.0.5","node8DeploysDisabledAfter":1613390400000,"node8RuntimeDisabledAfter":1615809600000,"node8WarnAfter":1600128000000}
[warn] ⚠  functions: Application Default Credentials detected. Non-emulated services will access production using these credentials. Be careful! {"metadata":{"emulator":{"name":"functions"},"message":"Application Default Credentials detected. Non-emulated services will access production using these credentials. Be careful!"}}
[info] i  functions: Watching "/Users/sulaymaanabubakr/Desktop/omoola-supermarket/functions" for Cloud Functions... {"metadata":{"emulator":{"name":"functions"},"message":"Watching \"/Users/sulaymaanabubakr/Desktop/omoola-supermarket/functions\" for Cloud Functions..."}}
[debug] [2026-03-20T18:10:53.608Z] Validating nodejs source
[warn] ⚠  functions: package.json indicates an outdated version of firebase-functions. Please upgrade using npm install --save firebase-functions@latest in your functions directory. 
[debug] [2026-03-20T18:11:00.292Z] > [functions] package.json contents: {
  "name": "functions",
  "scripts": {
    "lint": "eslint --ext .js,.ts .",
    "build": "npx esbuild src/index.ts --bundle --platform=node --target=node20 --outfile=lib/index.js --external:firebase-admin --external:firebase-functions --external:express --external:cors --external:cloudinary --external:dotenv --format=cjs",
    "build:watch": "npx esbuild src/index.ts --bundle --platform=node --target=node20 --outfile=lib/index.js --external:firebase-admin --external:firebase-functions --external:express --external:cors --external:cloudinary --external:dotenv --format=cjs --watch",
    "serve": "npm run build && firebase emulators:start --only functions",
    "shell": "npm run build && firebase functions:shell",
    "start": "npm run shell",
    "deploy": "firebase deploy --only functions",
    "logs": "firebase functions:log"
  },
  "engines": {
    "node": "24"
  },
  "main": "lib/index.js",
  "dependencies": {
    "cloudinary": "^2.9.0",
    "cors": "^2.8.6",
    "dotenv": "^17.3.1",
    "express": "^4.22.1",
    "firebase-admin": "^13.7.0",
    "firebase-functions": "^7.1.0",
    "zod": "^4.3.6"
  },
  "devDependencies": {
    "@types/cors": "^2.8.19",
    "@types/express": "^5.0.6",
    "@typescript-eslint/eslint-plugin": "^5.12.0",
    "@typescript-eslint/parser": "^5.12.0",
    "esbuild": "^0.27.3",
    "eslint": "^8.9.0",
    "eslint-config-google": "^0.14.0",
    "eslint-plugin-import": "^2.25.4",
    "firebase-functions-test": "^3.4.1",
    "tsx": "^4.21.0",
    "typescript": "^5.7.3"
  },
  "private": true
}
[debug] [2026-03-20T18:11:00.292Z] Building nodejs source
[debug] [2026-03-20T18:11:00.293Z] Failed to find version of module node: reached end of search path /Users/sulaymaanabubakr/Desktop/omoola-supermarket/functions/node_modules
[info] ✔  functions: Using node@24 from host. 
[debug] [2026-03-20T18:11:00.297Z] Could not find functions.yaml. Must use http discovery
[debug] [2026-03-20T18:11:00.312Z] Found firebase-functions binary at '/Users/sulaymaanabubakr/Desktop/omoola-supermarket/functions/node_modules/.bin/firebase-functions'
[info] Serving at port 8204

[info] [dotenv@17.3.1] injecting env (21) from ../.env -- tip: ⚙️  enable debug logging with { debug: true }

[debug] [2026-03-20T18:11:05.319Z] Got response from /__/functions.yaml {"endpoints":{"api":{"availableMemoryMb":null,"timeoutSeconds":null,"minInstances":null,"maxInstances":null,"ingressSettings":null,"concurrency":null,"serviceAccountEmail":null,"vpc":null,"platform":"gcfv2","region":["europe-west1"],"secretEnvironmentVariables":[{"key":"PAYSTACK_SECRET_KEY"},{"key":"PAYSTACK_WEBHOOK_SECRET"},{"key":"PAYSTACK_PUBLIC_KEY"},{"key":"CLOUDINARY_CLOUD_NAME"},{"key":"CLOUDINARY_API_KEY"},{"key":"CLOUDINARY_API_SECRET"},{"key":"BREVO_API_KEY"},{"key":"EMAIL_FROM"},{"key":"EMAIL_FROM_NAME"},{"key":"APP_URL"},{"key":"CORS_ORIGINS"}],"labels":{},"httpsTrigger":{},"entryPoint":"api"},"onOrderStatusUpdated":{"availableMemoryMb":null,"timeoutSeconds":null,"minInstances":null,"maxInstances":null,"ingressSettings":null,"concurrency":null,"serviceAccountEmail":null,"vpc":null,"platform":"gcfv2","region":["europe-west1"],"secretEnvironmentVariables":[{"key":"BREVO_API_KEY"},{"key":"EMAIL_FROM"},{"key":"EMAIL_FROM_NAME"},{"key":"APP_URL"}],"labels":{},"eventTrigger":{"eventType":"google.cloud.firestore.document.v1.updated","eventFilters":{"database":"(default)","namespace":"(default)"},"eventFilterPathPatterns":{"document":"orders/{orderId}"},"retry":false},"entryPoint":"onOrderStatusUpdated"}},"specVersion":"v1alpha1","requiredAPIs":[],"extensions":{}}
[info] ✔  functions: Loaded functions definitions from source: api, onOrderStatusUpdated. {"metadata":{"emulator":{"name":"functions"},"message":"Loaded functions definitions from source: api, onOrderStatusUpdated."}}
[info] ✔  functions[europe-west1-api]: http function initialized (http://127.0.0.1:5001/demo-no-project/europe-west1/api). {"metadata":{"emulator":{"name":"functions"},"message":"\u001b[1mhttp\u001b[22m function initialized (http://127.0.0.1:5001/demo-no-project/europe-west1/api)."}}
[info] i  functions[europe-west1-onOrderStatusUpdated]: function ignored because the firestore emulator does not exist or is not running. {"metadata":{"emulator":{"name":"functions"},"message":"function ignored because the firestore emulator does not exist or is not running."}}
[debug] [2026-03-20T18:11:09.479Z] Could not find VSCode notification endpoint: FetchError: request to http://localhost:40001/vscode/notify failed, reason: . If you are not running the Firebase Data Connect VSCode extension, this is expected and not an issue.
[info] 
┌─────────────────────────────────────────────────────────────┐
│ ✔  All emulators ready! It is now safe to connect your app. │
│ i  View Emulator UI at http://127.0.0.1:4000/               │
└─────────────────────────────────────────────────────────────┘

┌───────────┬────────────────┬─────────────────────────────────┐
│ Emulator  │ Host:Port      │ View in Emulator UI             │
├───────────┼────────────────┼─────────────────────────────────┤
│ Functions │ 127.0.0.1:5001 │ http://127.0.0.1:4000/functions │
└───────────┴────────────────┴─────────────────────────────────┘
  Emulator Hub host: 127.0.0.1 port: 4400
  Other reserved ports: 4500

Issues? Report them at https://github.com/firebase/firebase-tools/issues and attach the *-debug.log files.
 
[debug] [2026-03-20T18:31:44.301Z] File /Users/sulaymaanabubakr/Desktop/omoola-supermarket/functions/lib/index.js changed, reloading triggers {"metadata":{"emulator":{"name":"functions"},"message":"File /Users/sulaymaanabubakr/Desktop/omoola-supermarket/functions/lib/index.js changed, reloading triggers"}}
[debug] [2026-03-20T18:31:45.314Z] Validating nodejs source
[warn] ⚠  functions: package.json indicates an outdated version of firebase-functions. Please upgrade using npm install --save firebase-functions@latest in your functions directory. 
[debug] [2026-03-20T18:31:49.846Z] > [functions] package.json contents: {
  "name": "functions",
  "scripts": {
    "lint": "eslint --ext .js,.ts .",
    "build": "npx esbuild src/index.ts --bundle --platform=node --target=node20 --outfile=lib/index.js --external:firebase-admin --external:firebase-functions --external:express --external:cors --external:cloudinary --external:dotenv --format=cjs",
    "build:watch": "npx esbuild src/index.ts --bundle --platform=node --target=node20 --outfile=lib/index.js --external:firebase-admin --external:firebase-functions --external:express --external:cors --external:cloudinary --external:dotenv --format=cjs --watch",
    "serve": "npm run build && firebase emulators:start --only functions",
    "shell": "npm run build && firebase functions:shell",
    "start": "npm run shell",
    "deploy": "firebase deploy --only functions",
    "logs": "firebase functions:log"
  },
  "engines": {
    "node": "24"
  },
  "main": "lib/index.js",
  "dependencies": {
    "cloudinary": "^2.9.0",
    "cors": "^2.8.6",
    "dotenv": "^17.3.1",
    "express": "^4.22.1",
    "firebase-admin": "^13.7.0",
    "firebase-functions": "^7.1.0",
    "zod": "^4.3.6"
  },
  "devDependencies": {
    "@types/cors": "^2.8.19",
    "@types/express": "^5.0.6",
    "@typescript-eslint/eslint-plugin": "^5.12.0",
    "@typescript-eslint/parser": "^5.12.0",
    "esbuild": "^0.27.3",
    "eslint": "^8.9.0",
    "eslint-config-google": "^0.14.0",
    "eslint-plugin-import": "^2.25.4",
    "firebase-functions-test": "^3.4.1",
    "tsx": "^4.21.0",
    "typescript": "^5.7.3"
  },
  "private": true
}
[debug] [2026-03-20T18:31:49.846Z] Building nodejs source
[debug] [2026-03-20T18:31:49.846Z] Failed to find version of module node: reached end of search path /Users/sulaymaanabubakr/Desktop/omoola-supermarket/functions/node_modules
[info] ✔  functions: Using node@24 from host. 
[debug] [2026-03-20T18:31:49.849Z] Could not find functions.yaml. Must use http discovery
[debug] [2026-03-20T18:31:49.855Z] Found firebase-functions binary at '/Users/sulaymaanabubakr/Desktop/omoola-supermarket/functions/node_modules/.bin/firebase-functions'
[info] Serving at port 8906

[info] [dotenv@17.3.1] injecting env (21) from ../.env -- tip: 🔐 encrypt with Dotenvx: https://dotenvx.com

[debug] [2026-03-20T18:31:54.608Z] Got response from /__/functions.yaml {"endpoints":{"api":{"availableMemoryMb":null,"timeoutSeconds":null,"minInstances":null,"maxInstances":null,"ingressSettings":null,"concurrency":null,"serviceAccountEmail":null,"vpc":null,"platform":"gcfv2","region":["europe-west1"],"secretEnvironmentVariables":[{"key":"PAYSTACK_SECRET_KEY"},{"key":"PAYSTACK_WEBHOOK_SECRET"},{"key":"PAYSTACK_PUBLIC_KEY"},{"key":"CLOUDINARY_CLOUD_NAME"},{"key":"CLOUDINARY_API_KEY"},{"key":"CLOUDINARY_API_SECRET"},{"key":"BREVO_API_KEY"},{"key":"EMAIL_FROM"},{"key":"EMAIL_FROM_NAME"},{"key":"APP_URL"},{"key":"CORS_ORIGINS"}],"labels":{},"httpsTrigger":{},"entryPoint":"api"},"onOrderStatusUpdated":{"availableMemoryMb":null,"timeoutSeconds":null,"minInstances":null,"maxInstances":null,"ingressSettings":null,"concurrency":null,"serviceAccountEmail":null,"vpc":null,"platform":"gcfv2","region":["europe-west1"],"secretEnvironmentVariables":[{"key":"BREVO_API_KEY"},{"key":"EMAIL_FROM"},{"key":"EMAIL_FROM_NAME"},{"key":"APP_URL"}],"labels":{},"eventTrigger":{"eventType":"google.cloud.firestore.document.v1.updated","eventFilters":{"database":"(default)","namespace":"(default)"},"eventFilterPathPatterns":{"document":"orders/{orderId}"},"retry":false},"entryPoint":"onOrderStatusUpdated"}},"specVersion":"v1alpha1","requiredAPIs":[],"extensions":{}}
[info] ✔  functions: Loaded functions definitions from source: api, onOrderStatusUpdated. {"metadata":{"emulator":{"name":"functions"},"message":"Loaded functions definitions from source: api, onOrderStatusUpdated."}}
